c:\users\wenbinli\documents\ood\proj3\parser\x64\debug\parser.pdb
c:\users\wenbinli\documents\ood\proj3\parser\x64\debug\parser.idb
c:\users\wenbinli\documents\ood\proj3\parser\x64\debug\abstractsyntaxtree.obj
c:\users\wenbinli\documents\ood\proj3\parser\x64\debug\filesystem.obj
c:\users\wenbinli\documents\ood\proj3\parser\x64\debug\metricanalysis.obj
c:\users\wenbinli\documents\ood\proj3\parser\x64\debug\scopestack.obj
c:\users\wenbinli\documents\ood\proj3\parser\x64\debug\semiexp.obj
c:\users\wenbinli\documents\ood\proj3\parser\x64\debug\tokenizer.obj
c:\users\wenbinli\documents\ood\proj3\parser\x64\debug\utilities.obj
c:\users\wenbinli\documents\ood\proj3\parser\x64\debug\actionsandrules.obj
c:\users\wenbinli\documents\ood\proj3\parser\x64\debug\configureparser.obj
c:\users\wenbinli\documents\ood\proj3\parser\x64\debug\parser.obj
c:\users\wenbinli\documents\ood\proj3\x64\debug\parser.lib
c:\users\wenbinli\documents\ood\proj3\x64\debug\parser.pdb
c:\users\wenbinli\documents\ood\proj3\parser\x64\debug\parser.tlog\cl.command.1.tlog
c:\users\wenbinli\documents\ood\proj3\parser\x64\debug\parser.tlog\cl.read.1.tlog
c:\users\wenbinli\documents\ood\proj3\parser\x64\debug\parser.tlog\cl.write.1.tlog
c:\users\wenbinli\documents\ood\proj3\parser\x64\debug\parser.tlog\lib-link.read.1.tlog
c:\users\wenbinli\documents\ood\proj3\parser\x64\debug\parser.tlog\lib-link.write.1.tlog
c:\users\wenbinli\documents\ood\proj3\parser\x64\debug\parser.tlog\lib.command.1.tlog
