c:\users\wenbinli\documents\ood\proj3\newexe\x64\debug\newexe.pdb
c:\users\wenbinli\documents\ood\proj3\newexe\x64\debug\newexe.idb
c:\users\wenbinli\documents\ood\proj3\newexe\x64\debug\abstractsyntaxtree.obj
c:\users\wenbinli\documents\ood\proj3\newexe\x64\debug\blockingqueue.obj
c:\users\wenbinli\documents\ood\proj3\newexe\x64\debug\dependencyanalysis.obj
c:\users\wenbinli\documents\ood\proj3\newexe\x64\debug\filemgr.obj
c:\users\wenbinli\documents\ood\proj3\newexe\x64\debug\filesystem.obj
c:\users\wenbinli\documents\ood\proj3\newexe\x64\debug\metricanalysis.obj
c:\users\wenbinli\documents\ood\proj3\newexe\x64\debug\paralledependencyexecutive.obj
c:\users\wenbinli\documents\ood\proj3\newexe\x64\debug\paralleldependencyanalysis.obj
c:\users\wenbinli\documents\ood\proj3\newexe\x64\debug\actionsandrules.obj
c:\users\wenbinli\documents\ood\proj3\newexe\x64\debug\configureparser.obj
c:\users\wenbinli\documents\ood\proj3\newexe\x64\debug\parser.obj
c:\users\wenbinli\documents\ood\proj3\newexe\x64\debug\scopestack.obj
c:\users\wenbinli\documents\ood\proj3\newexe\x64\debug\semiexp.obj
c:\users\wenbinli\documents\ood\proj3\newexe\x64\debug\task.obj
c:\users\wenbinli\documents\ood\proj3\newexe\x64\debug\threadpool.obj
c:\users\wenbinli\documents\ood\proj3\newexe\x64\debug\tokenizer.obj
c:\users\wenbinli\documents\ood\proj3\newexe\x64\debug\typeanalysis.obj
c:\users\wenbinli\documents\ood\proj3\newexe\x64\debug\utilities.obj
c:\users\wenbinli\documents\ood\proj3\newexe\x64\debug\source.obj
c:\users\wenbinli\documents\ood\proj3\x64\debug\newexe.lib
c:\users\wenbinli\documents\ood\proj3\x64\debug\newexe.pdb
c:\users\wenbinli\documents\ood\proj3\newexe\x64\debug\newexe.tlog\cl.command.1.tlog
c:\users\wenbinli\documents\ood\proj3\newexe\x64\debug\newexe.tlog\cl.read.1.tlog
c:\users\wenbinli\documents\ood\proj3\newexe\x64\debug\newexe.tlog\cl.write.1.tlog
c:\users\wenbinli\documents\ood\proj3\newexe\x64\debug\newexe.tlog\lib-link.read.1.tlog
c:\users\wenbinli\documents\ood\proj3\newexe\x64\debug\newexe.tlog\lib-link.write.1.tlog
c:\users\wenbinli\documents\ood\proj3\newexe\x64\debug\newexe.tlog\lib.command.1.tlog
