c:\users\wenbinli\documents\ood\proj3\paralleldependencyanalysis\x64\debug\paralleldependencyanalysis.pdb
c:\users\wenbinli\documents\ood\proj3\paralleldependencyanalysis\x64\debug\paralleldependencyanalysis.idb
c:\users\wenbinli\documents\ood\proj3\paralleldependencyanalysis\x64\debug\filemgr.obj
c:\users\wenbinli\documents\ood\proj3\paralleldependencyanalysis\x64\debug\filesystem.obj
c:\users\wenbinli\documents\ood\proj3\paralleldependencyanalysis\x64\debug\actionsandrules.obj
c:\users\wenbinli\documents\ood\proj3\paralleldependencyanalysis\x64\debug\configureparser.obj
c:\users\wenbinli\documents\ood\proj3\paralleldependencyanalysis\x64\debug\parser.obj
c:\users\wenbinli\documents\ood\proj3\paralleldependencyanalysis\x64\debug\semiexp.obj
c:\users\wenbinli\documents\ood\proj3\paralleldependencyanalysis\x64\debug\tokenizer.obj
c:\users\wenbinli\documents\ood\proj3\paralleldependencyanalysis\x64\debug\typeanalysis.obj
c:\users\wenbinli\documents\ood\proj3\paralleldependencyanalysis\x64\debug\utilities.obj
c:\users\wenbinli\documents\ood\proj3\paralleldependencyanalysis\x64\debug\paralleldependencyanalysis.obj
c:\users\wenbinli\documents\ood\proj3\x64\debug\paralleldependencyanalysis.lib
c:\users\wenbinli\documents\ood\proj3\x64\debug\paralleldependencyanalysis.pdb
c:\users\wenbinli\documents\ood\proj3\paralleldependencyanalysis\x64\debug\parallel.1e7a6878.tlog\cl.command.1.tlog
c:\users\wenbinli\documents\ood\proj3\paralleldependencyanalysis\x64\debug\parallel.1e7a6878.tlog\cl.read.1.tlog
c:\users\wenbinli\documents\ood\proj3\paralleldependencyanalysis\x64\debug\parallel.1e7a6878.tlog\cl.write.1.tlog
c:\users\wenbinli\documents\ood\proj3\paralleldependencyanalysis\x64\debug\parallel.1e7a6878.tlog\lib-link.read.1.tlog
c:\users\wenbinli\documents\ood\proj3\paralleldependencyanalysis\x64\debug\parallel.1e7a6878.tlog\lib-link.write.1.tlog
c:\users\wenbinli\documents\ood\proj3\paralleldependencyanalysis\x64\debug\parallel.1e7a6878.tlog\lib.command.1.tlog
