c:\users\wenbinli\documents\ood\proj3\paralledependencyexecutive\x64\debug\vc140.pdb
c:\users\wenbinli\documents\ood\proj3\paralledependencyexecutive\x64\debug\vc140.idb
c:\users\wenbinli\documents\ood\proj3\paralledependencyexecutive\x64\debug\dependencyanalysis.obj
c:\users\wenbinli\documents\ood\proj3\paralledependencyexecutive\x64\debug\filemgr.obj
c:\users\wenbinli\documents\ood\proj3\paralledependencyexecutive\x64\debug\filesystem.obj
c:\users\wenbinli\documents\ood\proj3\paralledependencyexecutive\x64\debug\actionsandrules.obj
c:\users\wenbinli\documents\ood\proj3\paralledependencyexecutive\x64\debug\configureparser.obj
c:\users\wenbinli\documents\ood\proj3\paralledependencyexecutive\x64\debug\parser.obj
c:\users\wenbinli\documents\ood\proj3\paralledependencyexecutive\x64\debug\semiexp.obj
c:\users\wenbinli\documents\ood\proj3\paralledependencyexecutive\x64\debug\tokenizer.obj
c:\users\wenbinli\documents\ood\proj3\paralledependencyexecutive\x64\debug\typeanalysis.obj
c:\users\wenbinli\documents\ood\proj3\paralledependencyexecutive\x64\debug\utilities.obj
c:\users\wenbinli\documents\ood\proj3\paralledependencyexecutive\x64\debug\paralledependencyexecutive.obj
c:\users\wenbinli\documents\ood\proj3\x64\debug\paralledependencyexecutive.pdb
c:\users\wenbinli\documents\ood\proj3\paralledependencyexecutive\x64\debug\paralled.0f067068.tlog\cl.command.1.tlog
c:\users\wenbinli\documents\ood\proj3\paralledependencyexecutive\x64\debug\paralled.0f067068.tlog\cl.read.1.tlog
c:\users\wenbinli\documents\ood\proj3\paralledependencyexecutive\x64\debug\paralled.0f067068.tlog\cl.write.1.tlog
c:\users\wenbinli\documents\ood\proj3\paralledependencyexecutive\x64\debug\paralled.0f067068.tlog\link-cvtres.read.1.tlog
c:\users\wenbinli\documents\ood\proj3\paralledependencyexecutive\x64\debug\paralled.0f067068.tlog\link-cvtres.write.1.tlog
c:\users\wenbinli\documents\ood\proj3\paralledependencyexecutive\x64\debug\paralled.0f067068.tlog\link-rc.read.1.tlog
c:\users\wenbinli\documents\ood\proj3\paralledependencyexecutive\x64\debug\paralled.0f067068.tlog\link-rc.write.1.tlog
c:\users\wenbinli\documents\ood\proj3\paralledependencyexecutive\x64\debug\paralled.0f067068.tlog\link.command.1.tlog
c:\users\wenbinli\documents\ood\proj3\paralledependencyexecutive\x64\debug\paralled.0f067068.tlog\link.read.1.tlog
c:\users\wenbinli\documents\ood\proj3\paralledependencyexecutive\x64\debug\paralled.0f067068.tlog\link.write.1.tlog
