Build started 4/5/16 7:03:36 PM.
     1>Project "C:\Users\wenbinli\Documents\OOD\Proj3_v0\ParalleDependencyExecutive\ParalleDependencyExecutive.vcxproj" on node 2 (Build target(s)).
     1>ClCompile:
         C:\Program Files (x86)\Microsoft Visual Studio 14.0\VC\bin\x86_amd64\CL.exe /c /ZI /nologo /W3 /WX- /Od /D _DEBUG /D _CONSOLE /D _UNICODE /D UNICODE /D TEST_PARALLEDEPENDENCYEXECUTIVE /Gm /EHsc /RTC1 /MDd /GS /fp:precise /Zc:wchar_t /Zc:forScope /Zc:inline /Fo"x64\Debug\\" /Fd"x64\Debug\vc140.pdb" /Gd /TP /errorReport:prompt ..\FileMgr\FileMgr.cpp ..\FileMgr\FileSystem.cpp ..\Parser\ActionsAndRules.cpp ..\Parser\ConfigureParser.cpp ..\Parser\Parser.cpp ..\SemiExp\SemiExp.cpp ..\Tokenizer\Tokenizer.cpp ..\TypeAnalysis\TypeAnalysis.cpp ..\Utilities\Utilities.cpp ParalleDependencyExecutive.cpp
         ParalleDependencyExecutive.cpp
     1>c:\program files (x86)\microsoft visual studio 14.0\vc\include\xutility(288): warning C4503: '__LINE__Var': decorated name length exceeded, name was truncated
         c:\program files (x86)\microsoft visual studio 14.0\vc\include\deque(825): note: see reference to function template instantiation 'std::_Compressed_pair<std::_Wrap_alloc<std::allocator<_Ty>>,std::_Deque_val<std::_Deque_simple_types<_Ty>>,true>::_Compressed_pair<const std::allocator<_Ty>&,>(std::_One_then_variadic_args_t,_Other1)' being compiled
                 with
                 [
                     _Ty=DependencyList *,
                     _Other1=const std::allocator<std::unordered_map<std::string,std::unordered_map<std::string,std::string,std::hash<std::string>,std::equal_to<std::string>,std::allocator<std::pair<const std::string,std::string>>>,std::hash<std::string>,std::equal_to<std::string>,std::allocator<std::pair<const std::string,std::unordered_map<std::string,std::string,std::hash<std::string>,std::equal_to<std::string>,std::allocator<std::pair<const std::string,std::string>>>>>> > &
                 ]
         c:\program files (x86)\microsoft visual studio 14.0\vc\include\deque(825): note: see reference to function template instantiation 'std::_Compressed_pair<std::_Wrap_alloc<std::allocator<_Ty>>,std::_Deque_val<std::_Deque_simple_types<_Ty>>,true>::_Compressed_pair<const std::allocator<_Ty>&,>(std::_One_then_variadic_args_t,_Other1)' being compiled
                 with
                 [
                     _Ty=DependencyList *,
                     _Other1=const std::allocator<std::unordered_map<std::string,std::unordered_map<std::string,std::string,std::hash<std::string>,std::equal_to<std::string>,std::allocator<std::pair<const std::string,std::string>>>,std::hash<std::string>,std::equal_to<std::string>,std::allocator<std::pair<const std::string,std::unordered_map<std::string,std::string,std::hash<std::string>,std::equal_to<std::string>,std::allocator<std::pair<const std::string,std::string>>>>>> > &
                 ]
         c:\program files (x86)\microsoft visual studio 14.0\vc\include\deque(823): note: while compiling class template member function 'std::_Deque_alloc<std::_Deque_base_types<_Ty,_Alloc>>::_Deque_alloc(const std::allocator<_Ty> &)'
                 with
                 [
                     _Ty=DependencyList *,
                     _Alloc=std::allocator<std::unordered_map<std::string,std::unordered_map<std::string,std::string,std::hash<std::string>,std::equal_to<std::string>,std::allocator<std::pair<const std::string,std::string>>>,std::hash<std::string>,std::equal_to<std::string>,std::allocator<std::pair<const std::string,std::unordered_map<std::string,std::string,std::hash<std::string>,std::equal_to<std::string>,std::allocator<std::pair<const std::string,std::string>>>>>> >
                 ]
         c:\program files (x86)\microsoft visual studio 14.0\vc\include\deque(1000): note: see reference to function template instantiation 'std::_Deque_alloc<std::_Deque_base_types<_Ty,_Alloc>>::_Deque_alloc(const std::allocator<_Ty> &)' being compiled
                 with
                 [
                     _Ty=DependencyList *,
                     _Alloc=std::allocator<std::unordered_map<std::string,std::unordered_map<std::string,std::string,std::hash<std::string>,std::equal_to<std::string>,std::allocator<std::pair<const std::string,std::string>>>,std::hash<std::string>,std::equal_to<std::string>,std::allocator<std::pair<const std::string,std::unordered_map<std::string,std::string,std::hash<std::string>,std::equal_to<std::string>,std::allocator<std::pair<const std::string,std::string>>>>>> >
                 ]
         c:\program files (x86)\microsoft visual studio 14.0\vc\include\deque(974): note: see reference to class template instantiation 'std::_Deque_alloc<std::_Deque_base_types<_Ty,_Alloc>>' being compiled
                 with
                 [
                     _Ty=DependencyList *,
                     _Alloc=std::allocator<std::unordered_map<std::string,std::unordered_map<std::string,std::string,std::hash<std::string>,std::equal_to<std::string>,std::allocator<std::pair<const std::string,std::string>>>,std::hash<std::string>,std::equal_to<std::string>,std::allocator<std::pair<const std::string,std::unordered_map<std::string,std::string,std::hash<std::string>,std::equal_to<std::string>,std::allocator<std::pair<const std::string,std::string>>>>>> >
                 ]
         c:\program files (x86)\microsoft visual studio 14.0\vc\include\queue(23): note: see reference to class template instantiation 'std::deque<_Ty,std::allocator<_Ty>>' being compiled
                 with
                 [
                     _Ty=DependencyList *
                 ]
         c:\users\wenbinli\documents\ood\proj3_v0\blockingqueue\blockingqueue.h(60): note: see reference to class template instantiation 'std::queue<T,std::deque<_Ty,std::allocator<_Ty>>>' being compiled
                 with
                 [
                     T=DependencyList *,
                     _Ty=DependencyList *
                 ]
         c:\users\wenbinli\documents\ood\proj3_v0\paralledependencyexecutive\paralledependencyexecutive.cpp(75): note: see reference to class template instantiation 'BlockingQueue<DependencyList *>' being compiled
     1>c:\program files (x86)\microsoft visual studio 14.0\vc\include\queue(151): warning C4503: '__LINE__Var': decorated name length exceeded, name was truncated
         c:\program files (x86)\microsoft visual studio 14.0\vc\include\queue(151): note: while compiling class template member function 'void std::queue<T,std::deque<_Ty,std::allocator<_Ty>>>::push(std::unordered_map<std::string,std::unordered_map<std::string,std::string,std::hash<_Kty>,std::equal_to<_Kty>,std::allocator<std::pair<const _Kty,std::basic_string<char,std::char_traits<char>,std::allocator<char>>>>>,std::hash<_Kty>,std::equal_to<_Kty>,std::allocator<std::pair<const _Kty,std::unordered_map<_Kty,std::string,std::hash<_Kty>,std::equal_to<_Kty>,std::allocator<std::pair<const _Kty,std::basic_string<char,std::char_traits<char>,std::allocator<char>>>>>>>> *const &)'
                 with
                 [
                     T=DependencyList *,
                     _Ty=DependencyList *,
                     _Kty=std::string
                 ]
         c:\users\wenbinli\documents\ood\proj3_v0\blockingqueue\blockingqueue.h(115): note: see reference to function template instantiation 'void std::queue<T,std::deque<_Ty,std::allocator<_Ty>>>::push(std::unordered_map<std::string,std::unordered_map<std::string,std::string,std::hash<_Kty>,std::equal_to<_Kty>,std::allocator<std::pair<const _Kty,std::basic_string<char,std::char_traits<char>,std::allocator<char>>>>>,std::hash<_Kty>,std::equal_to<_Kty>,std::allocator<std::pair<const _Kty,std::unordered_map<_Kty,std::string,std::hash<_Kty>,std::equal_to<_Kty>,std::allocator<std::pair<const _Kty,std::basic_string<char,std::char_traits<char>,std::allocator<char>>>>>>>> *const &)' being compiled
                 with
                 [
                     T=DependencyList *,
                     _Ty=DependencyList *,
                     _Kty=std::string
                 ]
     1>c:\program files (x86)\microsoft visual studio 14.0\vc\include\queue(131): warning C4503: '__LINE__Var': decorated name length exceeded, name was truncated
         c:\program files (x86)\microsoft visual studio 14.0\vc\include\queue(131): note: while compiling class template member function 'std::unordered_map<std::string,std::unordered_map<std::string,std::string,std::hash<_Kty>,std::equal_to<_Kty>,std::allocator<std::pair<const _Kty,_Ty>>>,std::hash<_Kty>,std::equal_to<_Ty>,std::allocator<std::pair<const _Kty,std::unordered_map<_Kty,_Ty,std::hash<_Kty>,std::equal_to<_Ty>,std::allocator<std::pair<const _Kty,_Ty>>>>>> *&std::queue<T,std::deque<std::unordered_map<_Kty,std::unordered_map<_Kty,_Ty,std::hash<_Kty>,std::equal_to<_Ty>,std::allocator<std::pair<const _Kty,_Ty>>>,std::hash<_Kty>,std::equal_to<_Ty>,std::allocator<std::pair<const _Kty,std::unordered_map<_Kty,_Ty,std::hash<_Kty>,std::equal_to<_Ty>,std::allocator<std::pair<const _Kty,_Ty>>>>>>,std::allocator<std::unordered_map<_Kty,std::unordered_map<_Kty,_Ty,std::hash<_Kty>,std::equal_to<_Ty>,std::allocator<std::pair<const _Kty,_Ty>>>,std::hash<_Kty>,std::equal_to<_Ty>,std::allocator<std::pair<const _Kty,std::unordered_map<_Kty,_Ty,std::hash<_Kty>,std::equal_to<_Ty>,std::allocator<std::pair<const _Kty,_Ty>>>>>>>>>::front(void)'
                 with
                 [
                     _Kty=std::string,
                     _Ty=std::string,
                     T=DependencyList *
                 ]
         c:\users\wenbinli\documents\ood\proj3_v0\blockingqueue\blockingqueue.h(96): note: see reference to function template instantiation 'std::unordered_map<std::string,std::unordered_map<std::string,std::string,std::hash<_Kty>,std::equal_to<_Kty>,std::allocator<std::pair<const _Kty,_Ty>>>,std::hash<_Kty>,std::equal_to<_Ty>,std::allocator<std::pair<const _Kty,std::unordered_map<_Kty,_Ty,std::hash<_Kty>,std::equal_to<_Ty>,std::allocator<std::pair<const _Kty,_Ty>>>>>> *&std::queue<T,std::deque<std::unordered_map<_Kty,std::unordered_map<_Kty,_Ty,std::hash<_Kty>,std::equal_to<_Ty>,std::allocator<std::pair<const _Kty,_Ty>>>,std::hash<_Kty>,std::equal_to<_Ty>,std::allocator<std::pair<const _Kty,std::unordered_map<_Kty,_Ty,std::hash<_Kty>,std::equal_to<_Ty>,std::allocator<std::pair<const _Kty,_Ty>>>>>>,std::allocator<std::unordered_map<_Kty,std::unordered_map<_Kty,_Ty,std::hash<_Kty>,std::equal_to<_Ty>,std::allocator<std::pair<const _Kty,_Ty>>>,std::hash<_Kty>,std::equal_to<_Ty>,std::allocator<std::pair<const _Kty,std::unordered_map<_Kty,_Ty,std::hash<_Kty>,std::equal_to<_Ty>,std::allocator<std::pair<const _Kty,_Ty>>>>>>>>>::front(void)' being compiled
                 with
                 [
                     _Kty=std::string,
                     _Ty=std::string,
                     T=DependencyList *
                 ]
     1>c:\program files (x86)\microsoft visual studio 14.0\vc\include\xmemory0(781): warning C4503: '__LINE__Var': decorated name length exceeded, name was truncated
         c:\program files (x86)\microsoft visual studio 14.0\vc\include\xmemory0(927): note: see reference to function template instantiation 'void std::allocator_traits<_Alloc>::destroy<_Ty>(std::allocator<std::unordered_map<std::string,std::unordered_map<std::string,std::string,std::hash<_Kty>,std::equal_to<_Kty>,std::allocator<std::pair<const _Kty,std::basic_string<char,std::char_traits<char>,std::allocator<char>>>>>,std::hash<_Kty>,std::equal_to<_Kty>,std::allocator<std::pair<const _Kty,std::unordered_map<_Kty,std::string,std::hash<_Kty>,std::equal_to<_Kty>,std::allocator<std::pair<const _Kty,std::basic_string<char,std::char_traits<char>,std::allocator<char>>>>>>>>> &,_Uty *)' being compiled
                 with
                 [
                     _Alloc=std::allocator<std::unordered_map<std::string,std::unordered_map<std::string,std::string,std::hash<std::string>,std::equal_to<std::string>,std::allocator<std::pair<const std::string,std::string>>>,std::hash<std::string>,std::equal_to<std::string>,std::allocator<std::pair<const std::string,std::unordered_map<std::string,std::string,std::hash<std::string>,std::equal_to<std::string>,std::allocator<std::pair<const std::string,std::string>>>>>> >,
                     _Ty=std::unordered_map<std::string,std::unordered_map<std::string,std::string,std::hash<std::string>,std::equal_to<std::string>,std::allocator<std::pair<const std::string,std::string>>>,std::hash<std::string>,std::equal_to<std::string>,std::allocator<std::pair<const std::string,std::unordered_map<std::string,std::string,std::hash<std::string>,std::equal_to<std::string>,std::allocator<std::pair<const std::string,std::string>>>>>> *,
                     _Kty=std::string,
                     _Uty=std::unordered_map<std::string,std::unordered_map<std::string,std::string,std::hash<std::string>,std::equal_to<std::string>,std::allocator<std::pair<const std::string,std::string>>>,std::hash<std::string>,std::equal_to<std::string>,std::allocator<std::pair<const std::string,std::unordered_map<std::string,std::string,std::hash<std::string>,std::equal_to<std::string>,std::allocator<std::pair<const std::string,std::string>>>>>> *
                 ]
         c:\program files (x86)\microsoft visual studio 14.0\vc\include\xmemory0(927): note: see reference to function template instantiation 'void std::allocator_traits<_Alloc>::destroy<_Ty>(std::allocator<std::unordered_map<std::string,std::unordered_map<std::string,std::string,std::hash<_Kty>,std::equal_to<_Kty>,std::allocator<std::pair<const _Kty,std::basic_string<char,std::char_traits<char>,std::allocator<char>>>>>,std::hash<_Kty>,std::equal_to<_Kty>,std::allocator<std::pair<const _Kty,std::unordered_map<_Kty,std::string,std::hash<_Kty>,std::equal_to<_Kty>,std::allocator<std::pair<const _Kty,std::basic_string<char,std::char_traits<char>,std::allocator<char>>>>>>>>> &,_Uty *)' being compiled
                 with
                 [
                     _Alloc=std::allocator<std::unordered_map<std::string,std::unordered_map<std::string,std::string,std::hash<std::string>,std::equal_to<std::string>,std::allocator<std::pair<const std::string,std::string>>>,std::hash<std::string>,std::equal_to<std::string>,std::allocator<std::pair<const std::string,std::unordered_map<std::string,std::string,std::hash<std::string>,std::equal_to<std::string>,std::allocator<std::pair<const std::string,std::string>>>>>> >,
                     _Ty=std::unordered_map<std::string,std::unordered_map<std::string,std::string,std::hash<std::string>,std::equal_to<std::string>,std::allocator<std::pair<const std::string,std::string>>>,std::hash<std::string>,std::equal_to<std::string>,std::allocator<std::pair<const std::string,std::unordered_map<std::string,std::string,std::hash<std::string>,std::equal_to<std::string>,std::allocator<std::pair<const std::string,std::string>>>>>> *,
                     _Kty=std::string,
                     _Uty=std::unordered_map<std::string,std::unordered_map<std::string,std::string,std::hash<std::string>,std::equal_to<std::string>,std::allocator<std::pair<const std::string,std::string>>>,std::hash<std::string>,std::equal_to<std::string>,std::allocator<std::pair<const std::string,std::unordered_map<std::string,std::string,std::hash<std::string>,std::equal_to<std::string>,std::allocator<std::pair<const std::string,std::string>>>>>> *
                 ]
         c:\program files (x86)\microsoft visual studio 14.0\vc\include\deque(1890): note: see reference to function template instantiation 'void std::_Wrap_alloc<std::allocator<_Ty>>::destroy<_Ty*>(std::unordered_map<std::string,std::unordered_map<std::string,std::string,std::hash<_Kty>,std::equal_to<_Kty>,std::allocator<std::pair<const _Kty,std::basic_string<char,std::char_traits<char>,std::allocator<char>>>>>,std::hash<_Kty>,std::equal_to<_Kty>,std::allocator<std::pair<const _Kty,std::unordered_map<_Kty,std::string,std::hash<_Kty>,std::equal_to<_Kty>,std::allocator<std::pair<const _Kty,std::basic_string<char,std::char_traits<char>,std::allocator<char>>>>>>>> *)' being compiled
                 with
                 [
                     _Ty=DependencyList *,
                     _Kty=std::string
                 ]
         c:\program files (x86)\microsoft visual studio 14.0\vc\include\deque(1890): note: see reference to function template instantiation 'void std::_Wrap_alloc<std::allocator<_Ty>>::destroy<_Ty*>(std::unordered_map<std::string,std::unordered_map<std::string,std::string,std::hash<_Kty>,std::equal_to<_Kty>,std::allocator<std::pair<const _Kty,std::basic_string<char,std::char_traits<char>,std::allocator<char>>>>>,std::hash<_Kty>,std::equal_to<_Kty>,std::allocator<std::pair<const _Kty,std::unordered_map<_Kty,std::string,std::hash<_Kty>,std::equal_to<_Kty>,std::allocator<std::pair<const _Kty,std::basic_string<char,std::char_traits<char>,std::allocator<char>>>>>>>> *)' being compiled
                 with
                 [
                     _Ty=DependencyList *,
                     _Kty=std::string
                 ]
         c:\program files (x86)\microsoft visual studio 14.0\vc\include\deque(1881): note: while compiling class template member function 'void std::deque<_Ty,std::allocator<_Ty>>::_Tidy(void)'
                 with
                 [
                     _Ty=DependencyList *
                 ]
         c:\program files (x86)\microsoft visual studio 14.0\vc\include\deque(1265): note: see reference to function template instantiation 'void std::deque<_Ty,std::allocator<_Ty>>::_Tidy(void)' being compiled
                 with
                 [
                     _Ty=DependencyList *
                 ]
     1>c:\program files (x86)\microsoft visual studio 14.0\vc\include\xmemory(424): warning C4503: '__LINE__Var': decorated name length exceeded, name was truncated
         c:\program files (x86)\microsoft visual studio 14.0\vc\include\deque(1847): note: see reference to function template instantiation '_FwdIt std::_Uninitialized_copy<std::unordered_map<std::string,std::unordered_map<std::string,std::string,std::hash<_Kty>,std::equal_to<_Kty>,std::allocator<std::pair<const _Kty,_Ty>>>,std::hash<_Kty>,std::equal_to<_Ty>,std::allocator<std::pair<const _Kty,std::unordered_map<_Kty,_Ty,std::hash<_Kty>,std::equal_to<_Ty>,std::allocator<std::pair<const _Kty,_Ty>>>>>>,std::unordered_map<_Kty,std::unordered_map<_Kty,_Ty,std::hash<_Kty>,std::equal_to<_Ty>,std::allocator<std::pair<const _Kty,_Ty>>>,std::hash<_Kty>,std::equal_to<_Ty>,std::allocator<std::pair<const _Kty,std::unordered_map<_Kty,_Ty,std::hash<_Kty>,std::equal_to<_Ty>,std::allocator<std::pair<const _Kty,_Ty>>>>>>,std::_Wrap_alloc<std::allocator<_Other>>>(_InIt,_InIt,_FwdIt,_Alloc &)' being compiled
                 with
                 [
                     _FwdIt=std::unordered_map<std::string,std::unordered_map<std::string,std::string,std::hash<std::string>,std::equal_to<std::string>,std::allocator<std::pair<const std::string,std::string>>>,std::hash<std::string>,std::equal_to<std::string>,std::allocator<std::pair<const std::string,std::unordered_map<std::string,std::string,std::hash<std::string>,std::equal_to<std::string>,std::allocator<std::pair<const std::string,std::string>>>>>> ,
                     _Kty=std::string,
                     _Ty=std::string,
                     _Other=std::unordered_map<std::string,std::unordered_map<std::string,std::string,std::hash<std::string>,std::equal_to<std::string>,std::allocator<std::pair<const std::string,std::string>>>,std::hash<std::string>,std::equal_to<std::string>,std::allocator<std::pair<const std::string,std::unordered_map<std::string,std::string,std::hash<std::string>,std::equal_to<std::string>,std::allocator<std::pair<const std::string,std::string>>>>>> ,
                     _InIt=std::unordered_map<std::string,std::unordered_map<std::string,std::string,std::hash<std::string>,std::equal_to<std::string>,std::allocator<std::pair<const std::string,std::string>>>,std::hash<std::string>,std::equal_to<std::string>,std::allocator<std::pair<const std::string,std::unordered_map<std::string,std::string,std::hash<std::string>,std::equal_to<std::string>,std::allocator<std::pair<const std::string,std::string>>>>>> ,
                     _Alloc=std::_Wrap_alloc<std::allocator<std::unordered_map<std::string,std::unordered_map<std::string,std::string,std::hash<std::string>,std::equal_to<std::string>,std::allocator<std::pair<const std::string,std::string>>>,std::hash<std::string>,std::equal_to<std::string>,std::allocator<std::pair<const std::string,std::unordered_map<std::string,std::string,std::hash<std::string>,std::equal_to<std::string>,std::allocator<std::pair<const std::string,std::string>>>>>> >>
                 ]
         c:\program files (x86)\microsoft visual studio 14.0\vc\include\deque(1825): note: while compiling class template member function 'void std::deque<_Ty,std::allocator<_Ty>>::_Growmap(unsigned __int64)'
                 with
                 [
                     _Ty=DependencyList *
                 ]
         c:\program files (x86)\microsoft visual studio 14.0\vc\include\deque(1516): note: see reference to function template instantiation 'void std::deque<_Ty,std::allocator<_Ty>>::_Growmap(unsigned __int64)' being compiled
                 with
                 [
                     _Ty=DependencyList *
                 ]
     1>c:\program files (x86)\microsoft visual studio 14.0\vc\include\xmemory(688): warning C4503: '__LINE__Var': decorated name length exceeded, name was truncated
         c:\program files (x86)\microsoft visual studio 14.0\vc\include\deque(1854): note: see reference to function template instantiation 'void std::_Uninitialized_default_fill_n<std::unordered_map<std::string,std::unordered_map<std::string,std::string,std::hash<_Kty>,std::equal_to<_Kty>,std::allocator<std::pair<const _Kty,_Ty>>>,std::hash<_Kty>,std::equal_to<_Ty>,std::allocator<std::pair<const _Kty,std::unordered_map<_Kty,_Ty,std::hash<_Kty>,std::equal_to<_Ty>,std::allocator<std::pair<const _Kty,_Ty>>>>>>,unsigned __int64,std::_Wrap_alloc<std::allocator<_Other>>>(_FwdIt,_Diff,_Alloc &)' being compiled
                 with
                 [
                     _Kty=std::string,
                     _Ty=std::string,
                     _Other=std::unordered_map<std::string,std::unordered_map<std::string,std::string,std::hash<std::string>,std::equal_to<std::string>,std::allocator<std::pair<const std::string,std::string>>>,std::hash<std::string>,std::equal_to<std::string>,std::allocator<std::pair<const std::string,std::unordered_map<std::string,std::string,std::hash<std::string>,std::equal_to<std::string>,std::allocator<std::pair<const std::string,std::string>>>>>> ,
                     _FwdIt=std::unordered_map<std::string,std::unordered_map<std::string,std::string,std::hash<std::string>,std::equal_to<std::string>,std::allocator<std::pair<const std::string,std::string>>>,std::hash<std::string>,std::equal_to<std::string>,std::allocator<std::pair<const std::string,std::unordered_map<std::string,std::string,std::hash<std::string>,std::equal_to<std::string>,std::allocator<std::pair<const std::string,std::string>>>>>> ,
                     _Diff=unsigned __int64,
                     _Alloc=std::_Wrap_alloc<std::allocator<std::unordered_map<std::string,std::unordered_map<std::string,std::string,std::hash<std::string>,std::equal_to<std::string>,std::allocator<std::pair<const std::string,std::string>>>,std::hash<std::string>,std::equal_to<std::string>,std::allocator<std::pair<const std::string,std::unordered_map<std::string,std::string,std::hash<std::string>,std::equal_to<std::string>,std::allocator<std::pair<const std::string,std::string>>>>>> >>
                 ]
     1>c:\program files (x86)\microsoft visual studio 14.0\vc\include\xmemory0(774): warning C4503: '__LINE__Var': decorated name length exceeded, name was truncated
         c:\program files (x86)\microsoft visual studio 14.0\vc\include\xmemory0(920): note: see reference to function template instantiation 'void std::allocator_traits<_Alloc>::construct<_Ty,std::unordered_map<std::string,std::unordered_map<std::string,std::string,std::hash<_Kty>,std::equal_to<_Kty>,std::allocator<std::pair<const _Kty,std::basic_string<char,std::char_traits<char>,std::allocator<char>>>>>,std::hash<_Kty>,std::equal_to<_Kty>,std::allocator<std::pair<const _Kty,std::unordered_map<_Kty,std::string,std::hash<_Kty>,std::equal_to<_Kty>,std::allocator<std::pair<const _Kty,std::basic_string<char,std::char_traits<char>,std::allocator<char>>>>>>>>*const &>(std::allocator<_Ty> &,_Objty *,std::unordered_map<_Kty,std::unordered_map<_Kty,std::string,std::hash<_Kty>,std::equal_to<_Kty>,std::allocator<std::pair<const _Kty,std::basic_string<char,std::char_traits<char>,std::allocator<char>>>>>,std::hash<_Kty>,std::equal_to<_Kty>,std::allocator<std::pair<const _Kty,std::unordered_map<_Kty,std::string,std::hash<_Kty>,std::equal_to<_Kty>,std::allocator<std::pair<const _Kty,std::basic_string<char,std::char_traits<char>,std::allocator<char>>>>>>>> *const &)' being compiled
                 with
                 [
                     _Alloc=std::allocator<std::unordered_map<std::string,std::unordered_map<std::string,std::string,std::hash<std::string>,std::equal_to<std::string>,std::allocator<std::pair<const std::string,std::string>>>,std::hash<std::string>,std::equal_to<std::string>,std::allocator<std::pair<const std::string,std::unordered_map<std::string,std::string,std::hash<std::string>,std::equal_to<std::string>,std::allocator<std::pair<const std::string,std::string>>>>>> >,
                     _Ty=std::unordered_map<std::string,std::unordered_map<std::string,std::string,std::hash<std::string>,std::equal_to<std::string>,std::allocator<std::pair<const std::string,std::string>>>,std::hash<std::string>,std::equal_to<std::string>,std::allocator<std::pair<const std::string,std::unordered_map<std::string,std::string,std::hash<std::string>,std::equal_to<std::string>,std::allocator<std::pair<const std::string,std::string>>>>>> ,
                     _Kty=std::string,
                     _Objty=std::unordered_map<std::string,std::unordered_map<std::string,std::string,std::hash<std::string>,std::equal_to<std::string>,std::allocator<std::pair<const std::string,std::string>>>,std::hash<std::string>,std::equal_to<std::string>,std::allocator<std::pair<const std::string,std::unordered_map<std::string,std::string,std::hash<std::string>,std::equal_to<std::string>,std::allocator<std::pair<const std::string,std::string>>>>>> 
                 ]
         c:\program files (x86)\microsoft visual studio 14.0\vc\include\xmemory0(920): note: see reference to function template instantiation 'void std::allocator_traits<_Alloc>::construct<_Ty,std::unordered_map<std::string,std::unordered_map<std::string,std::string,std::hash<_Kty>,std::equal_to<_Kty>,std::allocator<std::pair<const _Kty,std::basic_string<char,std::char_traits<char>,std::allocator<char>>>>>,std::hash<_Kty>,std::equal_to<_Kty>,std::allocator<std::pair<const _Kty,std::unordered_map<_Kty,std::string,std::hash<_Kty>,std::equal_to<_Kty>,std::allocator<std::pair<const _Kty,std::basic_string<char,std::char_traits<char>,std::allocator<char>>>>>>>>*const &>(std::allocator<_Ty> &,_Objty *,std::unordered_map<_Kty,std::unordered_map<_Kty,std::string,std::hash<_Kty>,std::equal_to<_Kty>,std::allocator<std::pair<const _Kty,std::basic_string<char,std::char_traits<char>,std::allocator<char>>>>>,std::hash<_Kty>,std::equal_to<_Kty>,std::allocator<std::pair<const _Kty,std::unordered_map<_Kty,std::string,std::hash<_Kty>,std::equal_to<_Kty>,std::allocator<std::pair<const _Kty,std::basic_string<char,std::char_traits<char>,std::allocator<char>>>>>>>> *const &)' being compiled
                 with
                 [
                     _Alloc=std::allocator<std::unordered_map<std::string,std::unordered_map<std::string,std::string,std::hash<std::string>,std::equal_to<std::string>,std::allocator<std::pair<const std::string,std::string>>>,std::hash<std::string>,std::equal_to<std::string>,std::allocator<std::pair<const std::string,std::unordered_map<std::string,std::string,std::hash<std::string>,std::equal_to<std::string>,std::allocator<std::pair<const std::string,std::string>>>>>> >,
                     _Ty=std::unordered_map<std::string,std::unordered_map<std::string,std::string,std::hash<std::string>,std::equal_to<std::string>,std::allocator<std::pair<const std::string,std::string>>>,std::hash<std::string>,std::equal_to<std::string>,std::allocator<std::pair<const std::string,std::unordered_map<std::string,std::string,std::hash<std::string>,std::equal_to<std::string>,std::allocator<std::pair<const std::string,std::string>>>>>> ,
                     _Kty=std::string,
                     _Objty=std::unordered_map<std::string,std::unordered_map<std::string,std::string,std::hash<std::string>,std::equal_to<std::string>,std::allocator<std::pair<const std::string,std::string>>>,std::hash<std::string>,std::equal_to<std::string>,std::allocator<std::pair<const std::string,std::unordered_map<std::string,std::string,std::hash<std::string>,std::equal_to<std::string>,std::allocator<std::pair<const std::string,std::string>>>>>> 
                 ]
         c:\program files (x86)\microsoft visual studio 14.0\vc\include\deque(1518): note: see reference to function template instantiation 'void std::_Wrap_alloc<std::allocator<_Ty>>::construct<_Ty,std::unordered_map<std::string,std::unordered_map<std::string,std::string,std::hash<_Kty>,std::equal_to<_Kty>,std::allocator<std::pair<const _Kty,std::basic_string<char,std::char_traits<char>,std::allocator<char>>>>>,std::hash<_Kty>,std::equal_to<_Kty>,std::allocator<std::pair<const _Kty,std::unordered_map<_Kty,std::string,std::hash<_Kty>,std::equal_to<_Kty>,std::allocator<std::pair<const _Kty,std::basic_string<char,std::char_traits<char>,std::allocator<char>>>>>>>>*const &>(_Ty *,std::unordered_map<_Kty,std::unordered_map<_Kty,std::string,std::hash<_Kty>,std::equal_to<_Kty>,std::allocator<std::pair<const _Kty,std::basic_string<char,std::char_traits<char>,std::allocator<char>>>>>,std::hash<_Kty>,std::equal_to<_Kty>,std::allocator<std::pair<const _Kty,std::unordered_map<_Kty,std::string,std::hash<_Kty>,std::equal_to<_Kty>,std::allocator<std::pair<const _Kty,std::basic_string<char,std::char_traits<char>,std::allocator<char>>>>>>>> *const &)' being compiled
                 with
                 [
                     _Ty=DependencyList *,
                     _Kty=std::string
                 ]
         c:\program files (x86)\microsoft visual studio 14.0\vc\include\deque(1518): note: see reference to function template instantiation 'void std::_Wrap_alloc<std::allocator<_Ty>>::construct<_Ty,std::unordered_map<std::string,std::unordered_map<std::string,std::string,std::hash<_Kty>,std::equal_to<_Kty>,std::allocator<std::pair<const _Kty,std::basic_string<char,std::char_traits<char>,std::allocator<char>>>>>,std::hash<_Kty>,std::equal_to<_Kty>,std::allocator<std::pair<const _Kty,std::unordered_map<_Kty,std::string,std::hash<_Kty>,std::equal_to<_Kty>,std::allocator<std::pair<const _Kty,std::basic_string<char,std::char_traits<char>,std::allocator<char>>>>>>>>*const &>(_Ty *,std::unordered_map<_Kty,std::unordered_map<_Kty,std::string,std::hash<_Kty>,std::equal_to<_Kty>,std::allocator<std::pair<const _Kty,std::basic_string<char,std::char_traits<char>,std::allocator<char>>>>>,std::hash<_Kty>,std::equal_to<_Kty>,std::allocator<std::pair<const _Kty,std::unordered_map<_Kty,std::string,std::hash<_Kty>,std::equal_to<_Kty>,std::allocator<std::pair<const _Kty,std::basic_string<char,std::char_traits<char>,std::allocator<char>>>>>>>> *const &)' being compiled
                 with
                 [
                     _Ty=DependencyList *,
                     _Kty=std::string
                 ]
         c:\program files (x86)\microsoft visual studio 14.0\vc\include\deque(1514): note: while compiling class template member function 'void std::deque<_Ty,std::allocator<_Ty>>::push_back(std::unordered_map<std::string,std::unordered_map<std::string,std::string,std::hash<_Kty>,std::equal_to<_Kty>,std::allocator<std::pair<const _Kty,std::basic_string<char,std::char_traits<char>,std::allocator<char>>>>>,std::hash<_Kty>,std::equal_to<_Kty>,std::allocator<std::pair<const _Kty,std::unordered_map<_Kty,std::string,std::hash<_Kty>,std::equal_to<_Kty>,std::allocator<std::pair<const _Kty,std::basic_string<char,std::char_traits<char>,std::allocator<char>>>>>>>> *const &)'
                 with
                 [
                     _Ty=DependencyList *,
                     _Kty=std::string
                 ]
         c:\program files (x86)\microsoft visual studio 14.0\vc\include\queue(152): note: see reference to function template instantiation 'void std::deque<_Ty,std::allocator<_Ty>>::push_back(std::unordered_map<std::string,std::unordered_map<std::string,std::string,std::hash<_Kty>,std::equal_to<_Kty>,std::allocator<std::pair<const _Kty,std::basic_string<char,std::char_traits<char>,std::allocator<char>>>>>,std::hash<_Kty>,std::equal_to<_Kty>,std::allocator<std::pair<const _Kty,std::unordered_map<_Kty,std::string,std::hash<_Kty>,std::equal_to<_Kty>,std::allocator<std::pair<const _Kty,std::basic_string<char,std::char_traits<char>,std::allocator<char>>>>>>>> *const &)' being compiled
                 with
                 [
                     _Ty=DependencyList *,
                     _Kty=std::string
                 ]
     1>c:\program files (x86)\microsoft visual studio 14.0\vc\include\xmemory(414): warning C4503: '__LINE__Var': decorated name length exceeded, name was truncated
         c:\program files (x86)\microsoft visual studio 14.0\vc\include\xmemory(427): note: see reference to function template instantiation '_FwdIt std::_Uninit_copy<_Iter,_Iter,_Alloc>(_InIt,_InIt,_FwdIt,_Alloc &)' being compiled
                 with
                 [
                     _FwdIt=std::unordered_map<std::string,std::unordered_map<std::string,std::string,std::hash<std::string>,std::equal_to<std::string>,std::allocator<std::pair<const std::string,std::string>>>,std::hash<std::string>,std::equal_to<std::string>,std::allocator<std::pair<const std::string,std::unordered_map<std::string,std::string,std::hash<std::string>,std::equal_to<std::string>,std::allocator<std::pair<const std::string,std::string>>>>>> ,
                     _Iter=std::unordered_map<std::string,std::unordered_map<std::string,std::string,std::hash<std::string>,std::equal_to<std::string>,std::allocator<std::pair<const std::string,std::string>>>,std::hash<std::string>,std::equal_to<std::string>,std::allocator<std::pair<const std::string,std::unordered_map<std::string,std::string,std::hash<std::string>,std::equal_to<std::string>,std::allocator<std::pair<const std::string,std::string>>>>>> ,
                     _Alloc=std::_Wrap_alloc<std::allocator<std::unordered_map<std::string,std::unordered_map<std::string,std::string,std::hash<std::string>,std::equal_to<std::string>,std::allocator<std::pair<const std::string,std::string>>>,std::hash<std::string>,std::equal_to<std::string>,std::allocator<std::pair<const std::string,std::unordered_map<std::string,std::string,std::hash<std::string>,std::equal_to<std::string>,std::allocator<std::pair<const std::string,std::string>>>>>> >>,
                     _InIt=std::unordered_map<std::string,std::unordered_map<std::string,std::string,std::hash<std::string>,std::equal_to<std::string>,std::allocator<std::pair<const std::string,std::string>>>,std::hash<std::string>,std::equal_to<std::string>,std::allocator<std::pair<const std::string,std::unordered_map<std::string,std::string,std::hash<std::string>,std::equal_to<std::string>,std::allocator<std::pair<const std::string,std::string>>>>>> 
                 ]
         c:\program files (x86)\microsoft visual studio 14.0\vc\include\deque(1847): note: see reference to function template instantiation '_FwdIt std::_Uninitialized_copy<std::unordered_map<std::string,std::unordered_map<std::string,std::string,std::hash<_Kty>,std::equal_to<_Kty>,std::allocator<std::pair<const _Kty,_Ty>>>,std::hash<_Kty>,std::equal_to<_Ty>,std::allocator<std::pair<const _Kty,std::unordered_map<_Kty,_Ty,std::hash<_Kty>,std::equal_to<_Ty>,std::allocator<std::pair<const _Kty,_Ty>>>>>>,std::unordered_map<_Kty,std::unordered_map<_Kty,_Ty,std::hash<_Kty>,std::equal_to<_Ty>,std::allocator<std::pair<const _Kty,_Ty>>>,std::hash<_Kty>,std::equal_to<_Ty>,std::allocator<std::pair<const _Kty,std::unordered_map<_Kty,_Ty,std::hash<_Kty>,std::equal_to<_Ty>,std::allocator<std::pair<const _Kty,_Ty>>>>>>,std::_Wrap_alloc<std::allocator<_Other>>>(_InIt,_InIt,_FwdIt,_Alloc &)' being compiled
                 with
                 [
                     _FwdIt=std::unordered_map<std::string,std::unordered_map<std::string,std::string,std::hash<std::string>,std::equal_to<std::string>,std::allocator<std::pair<const std::string,std::string>>>,std::hash<std::string>,std::equal_to<std::string>,std::allocator<std::pair<const std::string,std::unordered_map<std::string,std::string,std::hash<std::string>,std::equal_to<std::string>,std::allocator<std::pair<const std::string,std::string>>>>>> ,
                     _Kty=std::string,
                     _Ty=std::string,
                     _Other=std::unordered_map<std::string,std::unordered_map<std::string,std::string,std::hash<std::string>,std::equal_to<std::string>,std::allocator<std::pair<const std::string,std::string>>>,std::hash<std::string>,std::equal_to<std::string>,std::allocator<std::pair<const std::string,std::unordered_map<std::string,std::string,std::hash<std::string>,std::equal_to<std::string>,std::allocator<std::pair<const std::string,std::string>>>>>> ,
                     _InIt=std::unordered_map<std::string,std::unordered_map<std::string,std::string,std::hash<std::string>,std::equal_to<std::string>,std::allocator<std::pair<const std::string,std::string>>>,std::hash<std::string>,std::equal_to<std::string>,std::allocator<std::pair<const std::string,std::unordered_map<std::string,std::string,std::hash<std::string>,std::equal_to<std::string>,std::allocator<std::pair<const std::string,std::string>>>>>> ,
                     _Alloc=std::_Wrap_alloc<std::allocator<std::unordered_map<std::string,std::unordered_map<std::string,std::string,std::hash<std::string>,std::equal_to<std::string>,std::allocator<std::pair<const std::string,std::string>>>,std::hash<std::string>,std::equal_to<std::string>,std::allocator<std::pair<const std::string,std::unordered_map<std::string,std::string,std::hash<std::string>,std::equal_to<std::string>,std::allocator<std::pair<const std::string,std::string>>>>>> >>
                 ]
     1>c:\users\wenbinli\documents\ood\proj3_v0\paralledependencyexecutive\paralledependencyexecutive.cpp(169): warning C4503: 'std::_Compressed_pair<std::_Wrap_alloc<std::allocator<_Ty>>,std::_Deque_val<std::_Deque_simple_types<_Ty>>,true>::_Compressed_pair': decorated name length exceeded, name was truncated
                 with
                 [
                     _Ty=DependencyList *
                 ]
     1>c:\users\wenbinli\documents\ood\proj3_v0\paralledependencyexecutive\paralledependencyexecutive.cpp(169): warning C4503: 'std::allocator_traits<_Alloc>::destroy': decorated name length exceeded, name was truncated
                 with
                 [
                     _Alloc=std::allocator<std::unordered_map<std::string,std::unordered_map<std::string,std::string,std::hash<std::string>,std::equal_to<std::string>,std::allocator<std::pair<const std::string,std::string>>>,std::hash<std::string>,std::equal_to<std::string>,std::allocator<std::pair<const std::string,std::unordered_map<std::string,std::string,std::hash<std::string>,std::equal_to<std::string>,std::allocator<std::pair<const std::string,std::string>>>>>> >
                 ]
     1>c:\users\wenbinli\documents\ood\proj3_v0\paralledependencyexecutive\paralledependencyexecutive.cpp(169): warning C4503: 'std::_Uninitialized_copy': decorated name length exceeded, name was truncated
     1>c:\users\wenbinli\documents\ood\proj3_v0\paralledependencyexecutive\paralledependencyexecutive.cpp(169): warning C4503: 'std::_Uninitialized_default_fill_n': decorated name length exceeded, name was truncated
     1>c:\users\wenbinli\documents\ood\proj3_v0\paralledependencyexecutive\paralledependencyexecutive.cpp(169): warning C4503: 'std::allocator_traits<_Alloc>::construct': decorated name length exceeded, name was truncated
                 with
                 [
                     _Alloc=std::allocator<std::unordered_map<std::string,std::unordered_map<std::string,std::string,std::hash<std::string>,std::equal_to<std::string>,std::allocator<std::pair<const std::string,std::string>>>,std::hash<std::string>,std::equal_to<std::string>,std::allocator<std::pair<const std::string,std::unordered_map<std::string,std::string,std::hash<std::string>,std::equal_to<std::string>,std::allocator<std::pair<const std::string,std::string>>>>>> >
                 ]
     1>c:\users\wenbinli\documents\ood\proj3_v0\paralledependencyexecutive\paralledependencyexecutive.cpp(169): warning C4503: 'std::_Uninit_copy': decorated name length exceeded, name was truncated
     1>c:\users\wenbinli\documents\ood\proj3_v0\paralledependencyexecutive\paralledependencyexecutive.cpp(169): warning C4503: 'std::queue<T,std::deque<_Ty,std::allocator<_Ty>>>': decorated name length exceeded, name was truncated
                 with
                 [
                     T=DependencyList *,
                     _Ty=DependencyList *
                 ]
         Utilities.cpp
         TypeAnalysis.cpp
         Tokenizer.cpp
         SemiExp.cpp
         Parser.cpp
         ConfigureParser.cpp
         ActionsAndRules.cpp
         FileSystem.cpp
         FileMgr.cpp
         Generating Code...
       Link:
         C:\Program Files (x86)\Microsoft Visual Studio 14.0\VC\bin\x86_amd64\link.exe /ERRORREPORT:PROMPT /OUT:"C:\Users\wenbinli\Documents\OOD\Proj3_v0\x64\Debug\ParalleDependencyExecutive.exe" /INCREMENTAL /NOLOGO kernel32.lib user32.lib gdi32.lib winspool.lib comdlg32.lib advapi32.lib shell32.lib ole32.lib oleaut32.lib uuid.lib odbc32.lib odbccp32.lib /MANIFEST /MANIFESTUAC:"level='asInvoker' uiAccess='false'" /manifest:embed /Debug /PDB:"C:\Users\wenbinli\Documents\OOD\Proj3_v0\x64\Debug\ParalleDependencyExecutive.pdb" /SUBSYSTEM:CONSOLE /TLBID:1 /DYNAMICBASE /NXCOMPAT /IMPLIB:"C:\Users\wenbinli\Documents\OOD\Proj3_v0\x64\Debug\ParalleDependencyExecutive.lib" /MACHINE:X64 x64\Debug\FileMgr.obj
         x64\Debug\FileSystem.obj
         x64\Debug\ActionsAndRules.obj
         x64\Debug\ConfigureParser.obj
         x64\Debug\Parser.obj
         x64\Debug\SemiExp.obj
         x64\Debug\Tokenizer.obj
         x64\Debug\TypeAnalysis.obj
         x64\Debug\Utilities.obj
         x64\Debug\ParalleDependencyExecutive.obj
         ParalleDependencyExecutive.vcxproj -> C:\Users\wenbinli\Documents\OOD\Proj3_v0\x64\Debug\ParalleDependencyExecutive.exe
     1>Done Building Project "C:\Users\wenbinli\Documents\OOD\Proj3_v0\ParalleDependencyExecutive\ParalleDependencyExecutive.vcxproj" (Build target(s)).

Build succeeded.

Time Elapsed 00:00:10.65
